0 info it worked if it ends with ok
1 verbose cli [ '/usr/local/bin/node',
1 verbose cli   '/usr/local/bin/npm',
1 verbose cli   'install',
1 verbose cli   'mongo-server' ]
2 info using npm@1.4.3
3 info using node@v0.10.26
4 warn package.json tree@0.1.2 No repository field.
5 verbose cache add [ 'mongo-server', null ]
6 verbose cache add name=undefined spec="mongo-server" args=["mongo-server",null]
7 verbose parsed url { protocol: null,
7 verbose parsed url   slashes: null,
7 verbose parsed url   auth: null,
7 verbose parsed url   host: null,
7 verbose parsed url   port: null,
7 verbose parsed url   hostname: null,
7 verbose parsed url   hash: null,
7 verbose parsed url   search: null,
7 verbose parsed url   query: null,
7 verbose parsed url   pathname: 'mongo-server',
7 verbose parsed url   path: 'mongo-server',
7 verbose parsed url   href: 'mongo-server' }
8 silly lockFile fd343b27-mongo-server mongo-server
9 verbose lock mongo-server /home/lucas/.npm/fd343b27-mongo-server.lock
10 silly lockFile fd343b27-mongo-server mongo-server
11 silly lockFile fd343b27-mongo-server mongo-server
12 verbose addNamed [ 'mongo-server', '' ]
13 verbose addNamed [ null, '*' ]
14 silly lockFile 8b4c4e3f-mongo-server mongo-server@
15 verbose lock mongo-server@ /home/lucas/.npm/8b4c4e3f-mongo-server.lock
16 silly addNameRange { name: 'mongo-server', range: '*', hasData: false }
17 verbose url raw mongo-server
18 verbose url resolving [ 'https://registry.npmjs.org/', './mongo-server' ]
19 verbose url resolved https://registry.npmjs.org/mongo-server
20 info trying registry request attempt 1 at 14:10:12
21 http GET https://registry.npmjs.org/mongo-server
22 http 404 https://registry.npmjs.org/mongo-server
23 silly registry.get cb [ 404,
23 silly registry.get   { date: 'Wed, 14 May 2014 21:10:14 GMT',
23 silly registry.get     server: 'CouchDB/1.5.0 (Erlang OTP/R14B04)',
23 silly registry.get     'content-type': 'application/json',
23 silly registry.get     via: '1.1 varnish',
23 silly registry.get     'cache-control': 'max-age=0',
23 silly registry.get     'content-length': '52',
23 silly registry.get     'accept-ranges': 'bytes',
23 silly registry.get     age: '0',
23 silly registry.get     'x-served-by': 'cache-v36-ASH, cache-lax1423-LAX',
23 silly registry.get     'x-cache': 'MISS, MISS',
23 silly registry.get     'x-cache-hits': '0, 0',
23 silly registry.get     'x-timer': 'S1400101813.876191139,VS0,VS33,VE138,VE170',
23 silly registry.get     'keep-alive': 'timeout=10, max=50',
23 silly registry.get     connection: 'Keep-Alive' } ]
24 silly lockFile 8b4c4e3f-mongo-server mongo-server@
25 silly lockFile 8b4c4e3f-mongo-server mongo-server@
26 error 404 'mongo-server' is not in the npm registry.
26 error 404 You should bug the author to publish it
26 error 404
26 error 404 Note that you can also install from a
26 error 404 tarball, folder, or http url, or git url.
27 error System Linux 3.11.0-12-generic
28 error command "/usr/local/bin/node" "/usr/local/bin/npm" "install" "mongo-server"
29 error cwd /home/lucas/Documents/HW/Mongo
30 error node -v v0.10.26
31 error npm -v 1.4.3
32 error code E404
33 verbose exit [ 1, true ]
